<?xml version="1.0" encoding="UTF-8"?>
<!-- Generated by org.testng.reporters.JUnitXMLReporter -->
<testsuite ignored="4" hostname="LTIN215225" failures="0" tests="12" name="Test" time="141.937" errors="0" timestamp="2024-03-05T10:15:46 IST">
  <testcase classname="com.TestCases.TS001_GettingTopThree_BookShelves" name="getTitle" time="0.147"/>
  <testcase classname="com.TestCases.TS001_GettingTopThree_BookShelves" name="Clickable" time="30.849"/>
  <testcase classname="com.TestCases.TS001_GettingTopThree_BookShelves" name="getBookshelves" time="30.228"/>
  <testcase classname="com.TestCases.TS002_GettingAllSubOptions" name="getAllOptions" time="2.534"/>
  <testcase classname="com.TestCases.TS003_FormFilling" name="getPageTitle" time="5.844"/>
  <testcase classname="com.TestCases.TS003_FormFilling" name="amount1" time="0.661"/>
  <testcase classname="com.TestCases.TS003_FormFilling" name="amount2" time="2.549"/>
  <testcase classname="com.TestCases.TS003_FormFilling" name="amount3" time="2.759"/>
  <testcase classname="com.TestCases.TS003_FormFilling" name="giftcardForm" time="10.247"/>
  <testcase classname="com.TestCases.TS003_FormFilling" name="giftcardForm" time="10.282"/>
  <testcase classname="com.TestCases.TS003_FormFilling" name="giftcardForm" time="9.819"/>
  <testcase classname="com.TestCases.TS003_FormFilling" name="giftcardForm" time="11.807"/>
  <testcase classname="com.TestCases.BasePage" name="@AfterTest tearDown" time="0.0">
    <ignored/>
  </testcase> <!-- @AfterTest tearDown -->
  <testcase classname="com.TestCases.BasePage" name="@BeforeTest setup" time="0.0">
    <ignored/>
  </testcase> <!-- @BeforeTest setup -->
  <testcase classname="com.TestCases.BasePage" name="@AfterTest tearDown" time="0.0">
    <ignored/>
  </testcase> <!-- @AfterTest tearDown -->
  <testcase classname="com.TestCases.BasePage" name="@BeforeTest setup" time="0.0">
    <ignored/>
  </testcase> <!-- @BeforeTest setup -->
</testsuite> <!-- Test -->
