<?xml version="1.0" encoding="UTF-8"?>
<testng-results ignored="0" total="12" passed="12" failed="0" skipped="0">
  <reporter-output>
  </reporter-output>
  <suite started-at="2024-03-05T10:13:15 IST" name="Suite" finished-at="2024-03-05T10:15:37 IST" duration-ms="141937">
    <groups>
    </groups>
    <test started-at="2024-03-05T10:13:15 IST" name="Test" finished-at="2024-03-05T10:15:37 IST" duration-ms="141937">
      <class name="com.TestCases.TS002_GettingAllSubOptions">
        <test-method signature="getAllOptions()[pri:0, instance:com.TestCases.TS002_GettingAllSubOptions@710636b0]" started-at="2024-03-05T10:14:31 IST" name="getAllOptions" finished-at="2024-03-05T10:14:34 IST" duration-ms="2534" status="PASS">
          <reporter-output>
          </reporter-output>
        </test-method> <!-- getAllOptions -->
      </class> <!-- com.TestCases.TS002_GettingAllSubOptions -->
      <class name="com.TestCases.TS001_GettingTopThree_BookShelves">
        <test-method is-config="true" signature="setup()[pri:0, instance:com.TestCases.TS001_GettingTopThree_BookShelves@6f01b95f]" started-at="2024-03-05T10:13:16 IST" name="setup" finished-at="2024-03-05T10:13:28 IST" duration-ms="11987" status="PASS">
          <reporter-output>
          </reporter-output>
        </test-method> <!-- setup -->
        <test-method signature="getTitle()[pri:1, instance:com.TestCases.TS001_GettingTopThree_BookShelves@6f01b95f]" started-at="2024-03-05T10:13:28 IST" name="getTitle" finished-at="2024-03-05T10:13:28 IST" duration-ms="147" status="PASS">
          <reporter-output>
          </reporter-output>
        </test-method> <!-- getTitle -->
        <test-method signature="Clickable()[pri:2, instance:com.TestCases.TS001_GettingTopThree_BookShelves@6f01b95f]" started-at="2024-03-05T10:13:29 IST" name="Clickable" finished-at="2024-03-05T10:14:00 IST" duration-ms="30849" status="PASS">
          <reporter-output>
          </reporter-output>
        </test-method> <!-- Clickable -->
        <test-method signature="getBookshelves()[pri:3, instance:com.TestCases.TS001_GettingTopThree_BookShelves@6f01b95f]" started-at="2024-03-05T10:14:00 IST" name="getBookshelves" finished-at="2024-03-05T10:14:31 IST" duration-ms="30228" status="PASS">
          <reporter-output>
          </reporter-output>
        </test-method> <!-- getBookshelves -->
        <test-method is-config="true" signature="tearDown()[pri:0, instance:com.TestCases.TS001_GettingTopThree_BookShelves@6f01b95f]" started-at="2024-03-05T10:15:34 IST" name="tearDown" finished-at="2024-03-05T10:15:37 IST" duration-ms="2390" status="PASS">
          <reporter-output>
          </reporter-output>
        </test-method> <!-- tearDown -->
      </class> <!-- com.TestCases.TS001_GettingTopThree_BookShelves -->
      <class name="com.TestCases.TS003_FormFilling">
        <test-method signature="getPageTitle()[pri:1, instance:com.TestCases.TS003_FormFilling@3de8f619]" started-at="2024-03-05T10:14:34 IST" name="getPageTitle" finished-at="2024-03-05T10:14:40 IST" duration-ms="5844" status="PASS">
          <reporter-output>
          </reporter-output>
        </test-method> <!-- getPageTitle -->
        <test-method signature="amount1(java.lang.String)[pri:2, instance:com.TestCases.TS003_FormFilling@3de8f619]" started-at="2024-03-05T10:14:41 IST" name="amount1" finished-at="2024-03-05T10:14:41 IST" duration-ms="661" status="PASS">
          <params>
            <param index="0">
              <value>
                <![CDATA[100]]>
              </value>
            </param>
          </params>
          <reporter-output>
          </reporter-output>
        </test-method> <!-- amount1 -->
        <test-method signature="amount2(java.lang.String)[pri:3, instance:com.TestCases.TS003_FormFilling@3de8f619]" started-at="2024-03-05T10:14:42 IST" name="amount2" finished-at="2024-03-05T10:14:44 IST" duration-ms="2549" status="PASS">
          <params>
            <param index="0">
              <value>
                <![CDATA[5000000]]>
              </value>
            </param>
          </params>
          <reporter-output>
          </reporter-output>
        </test-method> <!-- amount2 -->
        <test-method signature="amount3(java.lang.String)[pri:4, instance:com.TestCases.TS003_FormFilling@3de8f619]" started-at="2024-03-05T10:14:45 IST" name="amount3" finished-at="2024-03-05T10:14:48 IST" duration-ms="2759" status="PASS">
          <params>
            <param index="0">
              <value>
                <![CDATA[1000]]>
              </value>
            </param>
          </params>
          <reporter-output>
          </reporter-output>
        </test-method> <!-- amount3 -->
        <test-method signature="giftcardForm(java.lang.String,java.lang.String,java.lang.String,java.lang.String,java.lang.String,java.lang.String,java.lang.String,java.lang.String)[pri:5, instance:com.TestCases.TS003_FormFilling@3de8f619]" started-at="2024-03-05T10:14:50 IST" name="giftcardForm" data-provider="testData" finished-at="2024-03-05T10:15:01 IST" duration-ms="10247" status="PASS">
          <params>
            <param index="0">
              <value>
                <![CDATA[John]]>
              </value>
            </param>
            <param index="1">
              <value>
                <![CDATA[John12gmail.com]]>
              </value>
            </param>
            <param index="2">
              <value>
                <![CDATA[9567892323]]>
              </value>
            </param>
            <param index="3">
              <value>
                <![CDATA[Smith]]>
              </value>
            </param>
            <param index="4">
              <value>
                <![CDATA[Smith13@gmail.com]]>
              </value>
            </param>
            <param index="5">
              <value>
                <![CDATA[9366784531]]>
              </value>
            </param>
            <param index="6">
              <value>
                <![CDATA[XYZ Hostel,Siruseri, Chennai-600103]]>
              </value>
            </param>
            <param index="7">
              <value>
                <![CDATA[600103]]>
              </value>
            </param>
          </params>
          <reporter-output>
          </reporter-output>
        </test-method> <!-- giftcardForm -->
        <test-method signature="giftcardForm(java.lang.String,java.lang.String,java.lang.String,java.lang.String,java.lang.String,java.lang.String,java.lang.String,java.lang.String)[pri:5, instance:com.TestCases.TS003_FormFilling@3de8f619]" started-at="2024-03-05T10:15:01 IST" name="giftcardForm" data-provider="testData" finished-at="2024-03-05T10:15:12 IST" duration-ms="10282" status="PASS">
          <params>
            <param index="0">
              <value>
                <![CDATA[John]]>
              </value>
            </param>
            <param index="1">
              <value>
                <![CDATA[John12@gmail.com]]>
              </value>
            </param>
            <param index="2">
              <value>
                <![CDATA[956789232]]>
              </value>
            </param>
            <param index="3">
              <value>
                <![CDATA[Smith]]>
              </value>
            </param>
            <param index="4">
              <value>
                <![CDATA[Smith13@gmail.com]]>
              </value>
            </param>
            <param index="5">
              <value>
                <![CDATA[9366784531]]>
              </value>
            </param>
            <param index="6">
              <value>
                <![CDATA[XYZ Hostel,Siruseri, Chennai-600103]]>
              </value>
            </param>
            <param index="7">
              <value>
                <![CDATA[600103]]>
              </value>
            </param>
          </params>
          <reporter-output>
          </reporter-output>
        </test-method> <!-- giftcardForm -->
        <test-method signature="giftcardForm(java.lang.String,java.lang.String,java.lang.String,java.lang.String,java.lang.String,java.lang.String,java.lang.String,java.lang.String)[pri:5, instance:com.TestCases.TS003_FormFilling@3de8f619]" started-at="2024-03-05T10:15:12 IST" name="giftcardForm" data-provider="testData" finished-at="2024-03-05T10:15:22 IST" duration-ms="9819" status="PASS">
          <params>
            <param index="0">
              <value>
                <![CDATA[John]]>
              </value>
            </param>
            <param index="1">
              <value>
                <![CDATA[John12@gmail.com]]>
              </value>
            </param>
            <param index="2">
              <value>
                <![CDATA[9567892323]]>
              </value>
            </param>
            <param index="3">
              <value>
                <![CDATA[Smith]]>
              </value>
            </param>
            <param index="4">
              <value>
                <![CDATA[Smith13@gmail.com]]>
              </value>
            </param>
            <param index="5">
              <value>
                <![CDATA[9366784531]]>
              </value>
            </param>
            <param index="6">
              <value>
                <![CDATA[XYZ Hostel,Siruseri, Chennai-600103]]>
              </value>
            </param>
            <param index="7">
              <value>
                <![CDATA[60010]]>
              </value>
            </param>
          </params>
          <reporter-output>
          </reporter-output>
        </test-method> <!-- giftcardForm -->
        <test-method signature="giftcardForm(java.lang.String,java.lang.String,java.lang.String,java.lang.String,java.lang.String,java.lang.String,java.lang.String,java.lang.String)[pri:5, instance:com.TestCases.TS003_FormFilling@3de8f619]" started-at="2024-03-05T10:15:22 IST" name="giftcardForm" data-provider="testData" finished-at="2024-03-05T10:15:34 IST" duration-ms="11807" status="PASS">
          <params>
            <param index="0">
              <value>
                <![CDATA[John]]>
              </value>
            </param>
            <param index="1">
              <value>
                <![CDATA[John12@gmail.com]]>
              </value>
            </param>
            <param index="2">
              <value>
                <![CDATA[9567892323]]>
              </value>
            </param>
            <param index="3">
              <value>
                <![CDATA[Smith]]>
              </value>
            </param>
            <param index="4">
              <value>
                <![CDATA[Smith13@gmail.com]]>
              </value>
            </param>
            <param index="5">
              <value>
                <![CDATA[9366784531]]>
              </value>
            </param>
            <param index="6">
              <value>
                <![CDATA[XYZ Hostel,Siruseri, Chennai-600103]]>
              </value>
            </param>
            <param index="7">
              <value>
                <![CDATA[600103]]>
              </value>
            </param>
          </params>
          <reporter-output>
          </reporter-output>
        </test-method> <!-- giftcardForm -->
      </class> <!-- com.TestCases.TS003_FormFilling -->
    </test> <!-- Test -->
  </suite> <!-- Suite -->
</testng-results>
